Emmagee-master1/app/build/outputs/logs/manifest-merger-debug-report.txt
-- Merging decision tree log ---
manifest
ADDED from src/main/AndroidManifest.xml:2:1-48:12
	package
		ADDED from src/main/AndroidManifest.xml:3:5-37
		INJECTED from src/main/AndroidManifest.xml
		INJECTED from src/main/AndroidManifest.xml
	android:versionName
		ADDED from src/main/AndroidManifest.xml:5:5-30
		INJECTED from src/main/AndroidManifest.xml
		INJECTED from src/main/AndroidManifest.xml
	android:versionCode
		ADDED from src/main/AndroidManifest.xml:4:5-29
		INJECTED from src/main/AndroidManifest.xml
		INJECTED from src/main/AndroidManifest.xml
	xmlns:android
		ADDED from src/main/AndroidManifest.xml:2:11-69
uses-sdk
ADDED from src/main/AndroidManifest.xml:7:5-43
	android:targetSdkVersion
		INJECTED from src/main/AndroidManifest.xml
		INJECTED from src/main/AndroidManifest.xml
	android:minSdkVersion
		ADDED from src/main/AndroidManifest.xml:7:15-40
		INJECTED from src/main/AndroidManifest.xml
		INJECTED from src/main/AndroidManifest.xml
uses-permission#android.permission.FORCE_STOP_PACKAGES
ADDED from src/main/AndroidManifest.xml:8:5-77
	android:name
		ADDED from src/main/AndroidManifest.xml:8:22-75
application
ADDED from src/main/AndroidManifest.xml:10:5-36:19
	android:label
		ADDED from src/main/AndroidManifest.xml:12:18-50
	android:icon
		ADDED from src/main/AndroidManifest.xml:11:18-47
	android:theme
		ADDED from src/main/AndroidManifest.xml:13:18-65
	android:name
		ADDED from src/main/AndroidManifest.xml:10:18-53
activity#com.netease.qa.emmagee.activity.MainPageActivity
ADDED from src/main/AndroidManifest.xml:14:9-23:20
	android:screenOrientation
		ADDED from src/main/AndroidManifest.xml:18:17-53
	android:launchMode
		ADDED from src/main/AndroidManifest.xml:17:17-52
	android:configChanges
		ADDED from src/main/AndroidManifest.xml:16:17-67
	android:name
		ADDED from src/main/AndroidManifest.xml:15:17-58
intent-filter#android.intent.action.MAIN+android.intent.category.LAUNCHER
ADDED from src/main/AndroidManifest.xml:19:13-22:29
action#android.intent.action.MAIN
ADDED from src/main/AndroidManifest.xml:20:17-68
	android:name
		ADDED from src/main/AndroidManifest.xml:20:25-66
category#android.intent.category.LAUNCHER
ADDED from src/main/AndroidManifest.xml:21:17-76
	android:name
		ADDED from src/main/AndroidManifest.xml:21:27-74
activity#com.netease.qa.emmagee.activity.SettingsActivity
ADDED from src/main/AndroidManifest.xml:25:9-27:57
	android:screenOrientation
		ADDED from src/main/AndroidManifest.xml:27:19-55
	android:theme
		ADDED from src/main/AndroidManifest.xml:26:16-50
	android:name
		ADDED from src/main/AndroidManifest.xml:25:19-60
activity#com.netease.qa.emmagee.activity.AboutActivity
ADDED from src/main/AndroidManifest.xml:29:9-30:57
	android:screenOrientation
		ADDED from src/main/AndroidManifest.xml:30:19-55
	android:name
		ADDED from src/main/AndroidManifest.xml:29:19-57
activity#com.netease.qa.emmagee.activity.MailSettingsActivity
ADDED from src/main/AndroidManifest.xml:32:9-33:57
	android:screenOrientation
		ADDED from src/main/AndroidManifest.xml:33:19-55
	android:name
		ADDED from src/main/AndroidManifest.xml:32:19-64
service#com.netease.qa.emmagee.service.EmmageeService
ADDED from src/main/AndroidManifest.xml:35:9-80
	android:name
		ADDED from src/main/AndroidManifest.xml:35:18-78
uses-permission#android.permission.SYSTEM_ALERT_WINDOW
ADDED from src/main/AndroidManifest.xml:38:5-77
	android:name
		ADDED from src/main/AndroidManifest.xml:38:22-75
uses-permission#android.permission.MOUNT_UNMOUNT_FILESYSTEMS
ADDED from src/main/AndroidManifest.xml:39:5-83
	android:name
		ADDED from src/main/AndroidManifest.xml:39:22-81
uses-permission#android.permission.WRITE_EXTERNAL_STORAGE
ADDED from src/main/AndroidManifest.xml:40:5-80
	android:name
		ADDED from src/main/AndroidManifest.xml:40:22-78
uses-permission#android.permission.READ_LOGS
ADDED from src/main/AndroidManifest.xml:41:5-67
	android:name
		ADDED from src/main/AndroidManifest.xml:41:22-65
uses-permission#android.permission.ACCESS_WIFI_STATE
ADDED from src/main/AndroidManifest.xml:42:5-75
	android:name
		ADDED from src/main/AndroidManifest.xml:42:22-73
uses-permission#android.permission.CHANGE_WIFI_STATE
ADDED from src/main/AndroidManifest.xml:43:5-75
	android:name
		ADDED from src/main/AndroidManifest.xml:43:22-73
uses-permission#android.permission.WAKE_LOCK
ADDED from src/main/AndroidManifest.xml:44:5-67
	android:name
		ADDED from src/main/AndroidManifest.xml:44:22-65
uses-permission#android.permission.INTERNET
ADDED from src/main/AndroidManifest.xml:45:5-66
	android:name
		ADDED from src/main/AndroidManifest.xml:45:22-64
uses-permission#android.permission.ACCESS_NETWORK_STATE
ADDED from src/main/AndroidManifest.xml:46:5-78
	android:name
		ADDED from src/main/AndroidManifest.xml:46:22-76
uses-permission#android.permission.GET_TASKS
ADDED from src/main/AndroidManifest.xml:47:5-67
	android:name
		ADDED from src/main/AndroidManifest.xml:47:22-65